c:\projects\ifugen\imageslicerstdang\imagesli.23a57542\x64\release\vc143.pdb
c:\projects\ifugen\imageslicerstdang\imagesli.23a57542\x64\release\triangles.obj
c:\projects\ifugen\imageslicerstdang\imagesli.23a57542\x64\release\surface_solns.obj
c:\projects\ifugen\imageslicerstdang\imagesli.23a57542\x64\release\slice_param_helpers.obj
c:\projects\ifugen\imageslicerstdang\imagesli.23a57542\x64\release\slicer_generation.obj
c:\projects\ifugen\imageslicerstdang\imagesli.23a57542\x64\release\imageslicerstdang.obj
c:\projects\ifugen\imageslicerstdang\x64\release\imageslicerstdang.dll
c:\projects\ifugen\imageslicerstdang\x64\release\imageslicerstdang.pdb
c:\projects\ifugen\imageslicerstdang\x64\release\imageslicerstdang.lib
c:\projects\ifugen\imageslicerstdang\x64\release\imageslicerstdang.exp
c:\projects\ifugen\imageslicerstdang\imagesli.23a57542\x64\release\imageslicerstdang.ipdb
c:\projects\ifugen\imageslicerstdang\imagesli.23a57542\x64\release\imageslicerstdang.iobj
c:\projects\ifugen\imageslicerstdang\imagesli.23a57542\x64\release\imagesli.23a57542.tlog\cl.command.1.tlog
c:\projects\ifugen\imageslicerstdang\imagesli.23a57542\x64\release\imagesli.23a57542.tlog\cl.items.tlog
c:\projects\ifugen\imageslicerstdang\imagesli.23a57542\x64\release\imagesli.23a57542.tlog\cl.read.1.tlog
c:\projects\ifugen\imageslicerstdang\imagesli.23a57542\x64\release\imagesli.23a57542.tlog\cl.write.1.tlog
c:\projects\ifugen\imageslicerstdang\imagesli.23a57542\x64\release\imagesli.23a57542.tlog\link.command.1.tlog
c:\projects\ifugen\imageslicerstdang\imagesli.23a57542\x64\release\imagesli.23a57542.tlog\link.read.1.tlog
c:\projects\ifugen\imageslicerstdang\imagesli.23a57542\x64\release\imagesli.23a57542.tlog\link.secondary.1.tlog
c:\projects\ifugen\imageslicerstdang\imagesli.23a57542\x64\release\imagesli.23a57542.tlog\link.write.1.tlog
